<?xml version="1.0" encoding="UTF-8"?>
<!-- Generated by org.testng.reporters.JUnitXMLReporter -->
<testsuite ignored="1" hostname="Coral" failures="0" tests="1" name="Default test" time="18.877" errors="0" timestamp="2023-10-04T18:40:28 CST">
  <testcase classname="mx.com.liverpool.homepage.LogInTests" name="logIn_worksCorrectly" time="12.591"/>
  <testcase classname="mx.com.liverpool.homepage.LogInTests" name="logInElements_areVisible" time="0.0">
    <ignored/>
  </testcase> <!-- logInElements_areVisible -->
</testsuite> <!-- Default test -->
