<?xml version="1.0" encoding="UTF-8"?>
<!-- Generated by org.testng.reporters.JUnitXMLReporter -->
<testsuite ignored="0" hostname="Coral" failures="0" tests="2" name="Default test" time="26.647" errors="0" timestamp="2023-10-05T12:50:01 CST">
  <testcase classname="mx.com.liverpool.homepage.SearchBarTests" name="searchBar_isVisible" time="10.643"/>
  <testcase classname="mx.com.liverpool.homepage.SearchBarTests" name="zoomIcon_returnsSearchResults" time="15.918"/>
</testsuite> <!-- Default test -->
