<?xml version="1.0" encoding="UTF-8"?>
<!-- Generated by org.testng.reporters.JUnitXMLReporter -->
<testsuite ignored="1" hostname="Coral" failures="0" tests="5" name="SmokeTests" time="104.798" errors="0" timestamp="2023-10-05T12:52:54 CST">
  <testcase classname="mx.com.liverpool.homepage.SearchBarTests" name="searchBar_isVisible" time="8.169"/>
  <testcase classname="mx.com.liverpool.homepage.SearchBarTests" name="zoomIcon_returnsSearchResults" time="16.279"/>
  <testcase classname="mx.com.liverpool.homepage.FiltersTests" name="checkboxFilter_canBeSelected" time="40.356"/>
  <testcase classname="mx.com.liverpool.homepage.LogInTests" name="logInElements_areVisible" time="10.637"/>
  <testcase classname="mx.com.liverpool.homepage.LogInTests" name="logIn_worksCorrectly" time="11.145"/>
  <testcase classname="mx.com.liverpool.homepage.LogInTests" name="openChromeWithDevArgs_browserOpens" time="0.0">
    <ignored/>
  </testcase> <!-- openChromeWithDevArgs_browserOpens -->
</testsuite> <!-- SmokeTests -->
