<?xml version="1.0" encoding="UTF-8"?>
<testng-results ignored="0" total="1" passed="1" failed="0" skipped="0">
  <reporter-output>
  </reporter-output>
  <suite started-at="2023-10-04T18:40:10 CST" name="Default suite" finished-at="2023-10-04T18:40:28 CST" duration-ms="18877">
    <groups>
    </groups>
    <test started-at="2023-10-04T18:40:10 CST" name="Default test" finished-at="2023-10-04T18:40:28 CST" duration-ms="18877">
      <class name="mx.com.liverpool.homepage.LogInTests">
        <test-method is-config="true" signature="setUp(org.testng.ITestContext)[pri:0, instance:mx.com.liverpool.homepage.LogInTests@1165b38]" started-at="2023-10-04T18:40:10 CST" name="setUp" finished-at="2023-10-04T18:40:15 CST" duration-ms="5731" status="PASS">
          <params>
            <param index="0">
              <value>
                <![CDATA[org.testng.TestRunner@1ab5f08a]]>
              </value>
            </param>
          </params>
          <reporter-output>
          </reporter-output>
        </test-method> <!-- setUp -->
        <test-method signature="logIn_worksCorrectly()[pri:0, instance:mx.com.liverpool.homepage.LogInTests@1165b38]" started-at="2023-10-04T18:40:15 CST" name="logIn_worksCorrectly" finished-at="2023-10-04T18:40:28 CST" duration-ms="12591" status="PASS">
          <reporter-output>
          </reporter-output>
        </test-method> <!-- logIn_worksCorrectly -->
        <test-method is-config="true" signature="tearDown()[pri:0, instance:mx.com.liverpool.homepage.LogInTests@1165b38]" started-at="2023-10-04T18:40:28 CST" name="tearDown" finished-at="2023-10-04T18:40:28 CST" duration-ms="475" status="PASS">
          <reporter-output>
          </reporter-output>
        </test-method> <!-- tearDown -->
      </class> <!-- mx.com.liverpool.homepage.LogInTests -->
    </test> <!-- Default test -->
  </suite> <!-- Default suite -->
</testng-results>
