<?xml version="1.0" encoding="UTF-8"?>
<!-- Generated by org.testng.reporters.JUnitXMLReporter -->
<testsuite ignored="1" hostname="Coral" failures="0" tests="1" name="SearchKeywordTests" time="38.819" errors="0" timestamp="2023-10-03T18:11:08 CST">
  <testcase classname="mx.com.liverpool.homepage.SearchBarTests" name="zoomIcon_returnsSearchResults" time="29.575"/>
  <testcase classname="mx.com.liverpool.homepage.SearchBarTests" name="searchBar_isVisible" time="0.0">
    <ignored/>
  </testcase> <!-- searchBar_isVisible -->
</testsuite> <!-- SearchKeywordTests -->
