<?xml version="1.0" encoding="UTF-8"?>
<!-- Generated by org.testng.reporters.JUnitXMLReporter -->
<testsuite ignored="1" hostname="Coral" failures="0" tests="1" name="SearchBarTests" time="35.558" errors="0" timestamp="2023-10-05T12:55:08 CST">
  <testcase classname="mx.com.liverpool.homepage.SearchBarTests" name="searchBar_isVisible" time="24.727"/>
  <testcase classname="mx.com.liverpool.homepage.SearchBarTests" name="zoomIcon_returnsSearchResults" time="0.0">
    <ignored/>
  </testcase> <!-- zoomIcon_returnsSearchResults -->
</testsuite> <!-- SearchBarTests -->
